0 info it worked if it ends with ok
1 verbose cli [ '/Users/john/.nvm/versions/node/v5.11.0/bin/node',
1 verbose cli   '/Users/john/.nvm/versions/node/v5.11.0/lib/node_modules/npm/bin/npm-cli.js',
1 verbose cli   'run',
1 verbose cli   'start',
1 verbose cli   '--scripts-prepend-node-path' ]
2 info using npm@3.8.6
3 info using node@v5.11.0
4 verbose run-script [ 'prestart', 'start', 'poststart' ]
5 info lifecycle node-chat@1.0.0~prestart: node-chat@1.0.0
6 silly lifecycle node-chat@1.0.0~prestart: no script for prestart, continuing
7 info lifecycle node-chat@1.0.0~start: node-chat@1.0.0
8 verbose lifecycle node-chat@1.0.0~start: unsafe-perm in lifecycle true
9 verbose lifecycle node-chat@1.0.0~start: PATH: /Users/john/.nvm/versions/node/v5.11.0/lib/node_modules/npm/bin/node-gyp-bin:/Users/john/Desktop/node-chat/node_modules/.bin:/Users/john/.nvm/versions/node/v5.11.0/bin:/Users/john/.rbenv/shims:/Library/Frameworks/Python.framework/Versions/3.5/bin:/Users/john/pear/bin:/usr/local/bin:/usr/local/sbin:/Users/john/.nvm/versions/node/v7.8.0/bin:/Users/john/.rbenv/shims:/usr/bin:/bin:/usr/sbin:/sbin:/opt/X11/bin:/Users/john/Library/Android/sdk/platform-tools
10 verbose lifecycle node-chat@1.0.0~start: CWD: /Users/john/Desktop/node-chat
11 silly lifecycle node-chat@1.0.0~start: Args: [ '-c', 'node server/server.js' ]
12 silly lifecycle node-chat@1.0.0~start: Returned: code: 1  signal: null
13 info lifecycle node-chat@1.0.0~start: Failed to exec start script
14 verbose stack Error: node-chat@1.0.0 start: `node server/server.js`
14 verbose stack Exit status 1
14 verbose stack     at EventEmitter.<anonymous> (/Users/john/.nvm/versions/node/v5.11.0/lib/node_modules/npm/lib/utils/lifecycle.js:239:16)
14 verbose stack     at emitTwo (events.js:100:13)
14 verbose stack     at EventEmitter.emit (events.js:185:7)
14 verbose stack     at ChildProcess.<anonymous> (/Users/john/.nvm/versions/node/v5.11.0/lib/node_modules/npm/lib/utils/spawn.js:24:14)
14 verbose stack     at emitTwo (events.js:100:13)
14 verbose stack     at ChildProcess.emit (events.js:185:7)
14 verbose stack     at maybeClose (internal/child_process.js:850:16)
14 verbose stack     at Process.ChildProcess._handle.onexit (internal/child_process.js:215:5)
15 verbose pkgid node-chat@1.0.0
16 verbose cwd /Users/john/Desktop/node-chat
17 error Darwin 16.5.0
18 error argv "/Users/john/.nvm/versions/node/v5.11.0/bin/node" "/Users/john/.nvm/versions/node/v5.11.0/lib/node_modules/npm/bin/npm-cli.js" "run" "start" "--scripts-prepend-node-path"
19 error node v5.11.0
20 error npm  v3.8.6
21 error code ELIFECYCLE
22 error node-chat@1.0.0 start: `node server/server.js`
22 error Exit status 1
23 error Failed at the node-chat@1.0.0 start script 'node server/server.js'.
23 error Make sure you have the latest version of node.js and npm installed.
23 error If you do, this is most likely a problem with the node-chat package,
23 error not with npm itself.
23 error Tell the author that this fails on your system:
23 error     node server/server.js
23 error You can get information on how to open an issue for this project with:
23 error     npm bugs node-chat
23 error Or if that isn't available, you can get their info via:
23 error     npm owner ls node-chat
23 error There is likely additional logging output above.
24 verbose exit [ 1, true ]
